0 info it worked if it ends with ok
1 verbose cli [ '/usr/local/bin/node',
1 verbose cli   '/usr/local/bin/npm',
1 verbose cli   'run',
1 verbose cli   'release:patch' ]
2 info using npm@2.14.7
3 info using node@v4.2.1
4 verbose run-script [ 'prerelease:patch', 'release:patch', 'postrelease:patch' ]
5 info prerelease:patch glpi-ocsinventory-stack-docker@0.1.4
6 info release:patch glpi-ocsinventory-stack-docker@0.1.4
7 verbose unsafe-perm in lifecycle true
8 info glpi-ocsinventory-stack-docker@0.1.4 Failed to exec release:patch script
9 verbose stack Error: glpi-ocsinventory-stack-docker@0.1.4 release:patch: `changelog -p && git add CHANGELOG.md && git commit -m 'updated CHANGELOG.md' && npm version patch && git push origin && git push origin --tags`
9 verbose stack Exit status 1
9 verbose stack     at EventEmitter.<anonymous> (/usr/local/lib/node_modules/npm/lib/utils/lifecycle.js:214:16)
9 verbose stack     at emitTwo (events.js:87:13)
9 verbose stack     at EventEmitter.emit (events.js:172:7)
9 verbose stack     at ChildProcess.<anonymous> (/usr/local/lib/node_modules/npm/lib/utils/spawn.js:24:14)
9 verbose stack     at emitTwo (events.js:87:13)
9 verbose stack     at ChildProcess.emit (events.js:172:7)
9 verbose stack     at maybeClose (internal/child_process.js:818:16)
9 verbose stack     at Process.ChildProcess._handle.onexit (internal/child_process.js:211:5)
10 verbose pkgid glpi-ocsinventory-stack-docker@0.1.4
11 verbose cwd /Users/admin/glpi-ocsinventory-stack-docker
12 error Darwin 16.7.0
13 error argv "/usr/local/bin/node" "/usr/local/bin/npm" "run" "release:patch"
14 error node v4.2.1
15 error npm  v2.14.7
16 error code ELIFECYCLE
17 error glpi-ocsinventory-stack-docker@0.1.4 release:patch: `changelog -p && git add CHANGELOG.md && git commit -m 'updated CHANGELOG.md' && npm version patch && git push origin && git push origin --tags`
17 error Exit status 1
18 error Failed at the glpi-ocsinventory-stack-docker@0.1.4 release:patch script 'changelog -p && git add CHANGELOG.md && git commit -m 'updated CHANGELOG.md' && npm version patch && git push origin && git push origin --tags'.
18 error This is most likely a problem with the glpi-ocsinventory-stack-docker package,
18 error not with npm itself.
18 error Tell the author that this fails on your system:
18 error     changelog -p && git add CHANGELOG.md && git commit -m 'updated CHANGELOG.md' && npm version patch && git push origin && git push origin --tags
18 error You can get their info via:
18 error     npm owner ls glpi-ocsinventory-stack-docker
18 error There is likely additional logging output above.
19 verbose exit [ 1, true ]
